[2021-04-20 00:14:18.982] [exthost] [info] extension host started
[2021-04-20 00:14:19.066] [exthost] [info] ExtensionService#_doActivateExtension vscode.microsoft-authentication {"startup":false,"extensionId":{"value":"vscode.microsoft-authentication","_lower":"vscode.microsoft-authentication"},"activationEvent":"onAuthenticationRequest:microsoft"}
[2021-04-20 00:14:19.066] [exthost] [info] ExtensionService#loadCommonJSModule file:///snap/code/62/usr/share/code/resources/app/extensions/microsoft-authentication/dist/extension.js
[2021-04-20 00:14:19.091] [exthost] [info] ExtensionService#_doActivateExtension vscode.debug-auto-launch {"startup":true,"extensionId":{"value":"vscode.debug-auto-launch","_lower":"vscode.debug-auto-launch"},"activationEvent":"*"}
[2021-04-20 00:14:19.091] [exthost] [info] ExtensionService#loadCommonJSModule file:///snap/code/62/usr/share/code/resources/app/extensions/debug-auto-launch/dist/extension
[2021-04-20 00:14:19.094] [exthost] [info] ExtensionService#_doActivateExtension vscode.git {"startup":true,"extensionId":{"value":"vscode.github","_lower":"vscode.github"},"activationEvent":"*"}
[2021-04-20 00:14:19.094] [exthost] [info] ExtensionService#loadCommonJSModule file:///snap/code/62/usr/share/code/resources/app/extensions/git/dist/main
[2021-04-20 00:14:19.205] [exthost] [info] ExtensionService#_doActivateExtension vscode.github {"startup":true,"extensionId":{"value":"vscode.github","_lower":"vscode.github"},"activationEvent":"*"}
[2021-04-20 00:14:19.205] [exthost] [info] ExtensionService#loadCommonJSModule file:///snap/code/62/usr/share/code/resources/app/extensions/github/dist/extension.js
[2021-04-20 00:14:19.216] [exthost] [info] ExtensionService#_doActivateExtension ms-vscode.js-debug {"startup":false,"extensionId":{"value":"ms-vscode.js-debug","_lower":"ms-vscode.js-debug"},"activationEvent":"onCommand:extension.js-debug.clearAutoAttachVariables"}
[2021-04-20 00:14:19.216] [exthost] [info] ExtensionService#loadCommonJSModule file:///snap/code/62/usr/share/code/resources/app/extensions/ms-vscode.js-debug/src/extension.js
[2021-04-20 00:14:19.431] [exthost] [info] eager extensions activated
[2021-04-20 00:14:19.445] [exthost] [info] ExtensionService#_doActivateExtension vscode.emmet {"startup":false,"extensionId":{"value":"vscode.emmet","_lower":"vscode.emmet"},"activationEvent":"onStartupFinished"}
[2021-04-20 00:14:19.445] [exthost] [info] ExtensionService#loadCommonJSModule file:///snap/code/62/usr/share/code/resources/app/extensions/emmet/dist/node/emmetNodeMain
[2021-04-20 00:14:19.458] [exthost] [info] ExtensionService#_doActivateExtension vscode.merge-conflict {"startup":false,"extensionId":{"value":"vscode.merge-conflict","_lower":"vscode.merge-conflict"},"activationEvent":"onStartupFinished"}
[2021-04-20 00:14:19.458] [exthost] [info] ExtensionService#loadCommonJSModule file:///snap/code/62/usr/share/code/resources/app/extensions/merge-conflict/dist/mergeConflictMain
[2021-04-20 00:14:19.461] [exthost] [info] ExtensionService#_doActivateExtension vscode.testing-editor-contributions {"startup":false,"extensionId":{"value":"vscode.testing-editor-contributions","_lower":"vscode.testing-editor-contributions"},"activationEvent":"onStartupFinished"}
[2021-04-20 00:14:19.461] [exthost] [info] ExtensionService#loadCommonJSModule file:///snap/code/62/usr/share/code/resources/app/extensions/testing-editor-contributions/dist/extension.js
[2021-04-20 00:14:19.472] [exthost] [info] ExtensionService#_doActivateExtension vscode.github-authentication {"startup":false,"extensionId":{"value":"vscode.github-authentication","_lower":"vscode.github-authentication"},"activationEvent":"onAuthenticationRequest:github"}
[2021-04-20 00:14:19.472] [exthost] [info] ExtensionService#loadCommonJSModule file:///snap/code/62/usr/share/code/resources/app/extensions/github-authentication/dist/extension.js
[2021-04-20 00:14:41.161] [exthost] [info] extension host terminating: received terminate message from renderer
[2021-04-20 00:14:42.175] [exthost] [info] exiting with code 0
[2021-04-20 00:14:42.391] [exthost] [info] extension host started
[2021-04-20 00:14:42.427] [exthost] [info] ExtensionService#_doActivateExtension vscode.microsoft-authentication {"startup":false,"extensionId":{"value":"vscode.microsoft-authentication","_lower":"vscode.microsoft-authentication"},"activationEvent":"onAuthenticationRequest:microsoft"}
[2021-04-20 00:14:42.427] [exthost] [info] ExtensionService#loadCommonJSModule file:///snap/code/62/usr/share/code/resources/app/extensions/microsoft-authentication/dist/extension.js
[2021-04-20 00:14:42.439] [exthost] [info] ExtensionService#_doActivateExtension vscode.debug-auto-launch {"startup":true,"extensionId":{"value":"vscode.debug-auto-launch","_lower":"vscode.debug-auto-launch"},"activationEvent":"*"}
[2021-04-20 00:14:42.439] [exthost] [info] ExtensionService#loadCommonJSModule file:///snap/code/62/usr/share/code/resources/app/extensions/debug-auto-launch/dist/extension
[2021-04-20 00:14:42.441] [exthost] [info] ExtensionService#_doActivateExtension vscode.git {"startup":true,"extensionId":{"value":"vscode.github","_lower":"vscode.github"},"activationEvent":"*"}
[2021-04-20 00:14:42.441] [exthost] [info] ExtensionService#loadCommonJSModule file:///snap/code/62/usr/share/code/resources/app/extensions/git/dist/main
[2021-04-20 00:14:42.532] [exthost] [info] ExtensionService#_doActivateExtension vscode.github {"startup":true,"extensionId":{"value":"vscode.github","_lower":"vscode.github"},"activationEvent":"*"}
[2021-04-20 00:14:42.533] [exthost] [info] ExtensionService#loadCommonJSModule file:///snap/code/62/usr/share/code/resources/app/extensions/github/dist/extension.js
[2021-04-20 00:14:42.535] [exthost] [info] ExtensionService#_doActivateExtension ms-vscode.js-debug {"startup":false,"extensionId":{"value":"ms-vscode.js-debug","_lower":"ms-vscode.js-debug"},"activationEvent":"onCommand:extension.js-debug.clearAutoAttachVariables"}
[2021-04-20 00:14:42.535] [exthost] [info] ExtensionService#loadCommonJSModule file:///snap/code/62/usr/share/code/resources/app/extensions/ms-vscode.js-debug/src/extension.js
[2021-04-20 00:14:42.654] [exthost] [info] eager extensions activated
[2021-04-20 00:14:42.669] [exthost] [info] ExtensionService#_doActivateExtension vscode.emmet {"startup":false,"extensionId":{"value":"vscode.emmet","_lower":"vscode.emmet"},"activationEvent":"onStartupFinished"}
[2021-04-20 00:14:42.669] [exthost] [info] ExtensionService#loadCommonJSModule file:///snap/code/62/usr/share/code/resources/app/extensions/emmet/dist/node/emmetNodeMain
[2021-04-20 00:14:42.677] [exthost] [info] ExtensionService#_doActivateExtension vscode.merge-conflict {"startup":false,"extensionId":{"value":"vscode.merge-conflict","_lower":"vscode.merge-conflict"},"activationEvent":"onStartupFinished"}
[2021-04-20 00:14:42.677] [exthost] [info] ExtensionService#loadCommonJSModule file:///snap/code/62/usr/share/code/resources/app/extensions/merge-conflict/dist/mergeConflictMain
[2021-04-20 00:14:42.679] [exthost] [info] ExtensionService#_doActivateExtension vscode.testing-editor-contributions {"startup":false,"extensionId":{"value":"vscode.testing-editor-contributions","_lower":"vscode.testing-editor-contributions"},"activationEvent":"onStartupFinished"}
[2021-04-20 00:14:42.679] [exthost] [info] ExtensionService#loadCommonJSModule file:///snap/code/62/usr/share/code/resources/app/extensions/testing-editor-contributions/dist/extension.js
[2021-04-20 00:14:42.683] [exthost] [info] ExtensionService#_doActivateExtension vscode.github-authentication {"startup":false,"extensionId":{"value":"vscode.github-authentication","_lower":"vscode.github-authentication"},"activationEvent":"onAuthenticationRequest:github"}
[2021-04-20 00:14:42.683] [exthost] [info] ExtensionService#loadCommonJSModule file:///snap/code/62/usr/share/code/resources/app/extensions/github-authentication/dist/extension.js
[2021-04-20 00:19:56.636] [exthost] [info] ExtensionService#_doActivateExtension vscode.configuration-editing {"startup":false,"extensionId":{"value":"vscode.configuration-editing","_lower":"vscode.configuration-editing"},"activationEvent":"onLanguage:json"}
[2021-04-20 00:19:56.637] [exthost] [info] ExtensionService#loadCommonJSModule file:///snap/code/62/usr/share/code/resources/app/extensions/configuration-editing/dist/configurationEditingMain
[2021-04-20 00:19:56.643] [exthost] [info] ExtensionService#_doActivateExtension vscode.extension-editing {"startup":false,"extensionId":{"value":"vscode.extension-editing","_lower":"vscode.extension-editing"},"activationEvent":"onLanguage:json"}
[2021-04-20 00:19:56.646] [exthost] [info] ExtensionService#loadCommonJSModule file:///snap/code/62/usr/share/code/resources/app/extensions/extension-editing/dist/extensionEditingMain
[2021-04-20 00:19:56.667] [exthost] [info] ExtensionService#_doActivateExtension vscode.json-language-features {"startup":false,"extensionId":{"value":"vscode.json-language-features","_lower":"vscode.json-language-features"},"activationEvent":"onLanguage:json"}
[2021-04-20 00:19:56.667] [exthost] [info] ExtensionService#loadCommonJSModule file:///snap/code/62/usr/share/code/resources/app/extensions/json-language-features/client/dist/node/jsonClientMain
[2021-04-20 00:19:56.730] [exthost] [info] ExtensionService#_doActivateExtension vscode.npm {"startup":false,"extensionId":{"value":"vscode.npm","_lower":"vscode.npm"},"activationEvent":"onLanguage:json"}
[2021-04-20 00:19:56.730] [exthost] [info] ExtensionService#loadCommonJSModule file:///snap/code/62/usr/share/code/resources/app/extensions/npm/dist/npmMain
[2021-04-20 00:20:45.675] [exthost] [info] ExtensionService#_doActivateExtension vscode.php-language-features {"startup":false,"extensionId":{"value":"vscode.php-language-features","_lower":"vscode.php-language-features"},"activationEvent":"onLanguage:php"}
[2021-04-20 00:20:45.675] [exthost] [info] ExtensionService#loadCommonJSModule file:///snap/code/62/usr/share/code/resources/app/extensions/php-language-features/dist/phpMain
[2021-04-20 00:21:26.875] [exthost] [info] ExtensionService#_doActivateExtension ms-vscode.node-debug2 {"startup":false,"extensionId":{"value":"ms-vscode.node-debug","_lower":"ms-vscode.node-debug"},"activationEvent":"onDebugInitialConfigurations"}
[2021-04-20 00:21:26.875] [exthost] [info] ExtensionService#loadCommonJSModule file:///snap/code/62/usr/share/code/resources/app/extensions/ms-vscode.node-debug2/out/src/extension
[2021-04-20 00:21:26.896] [exthost] [info] ExtensionService#_doActivateExtension ms-vscode.node-debug {"startup":false,"extensionId":{"value":"ms-vscode.node-debug","_lower":"ms-vscode.node-debug"},"activationEvent":"onDebugInitialConfigurations"}
[2021-04-20 00:21:26.896] [exthost] [info] ExtensionService#loadCommonJSModule file:///snap/code/62/usr/share/code/resources/app/extensions/ms-vscode.node-debug/dist/extension.js
[2021-04-20 00:21:31.417] [exthost] [info] ExtensionService#_doActivateExtension vscode.debug-server-ready {"startup":false,"extensionId":{"value":"vscode.debug-server-ready","_lower":"vscode.debug-server-ready"},"activationEvent":"onDebugResolve"}
[2021-04-20 00:21:31.417] [exthost] [info] ExtensionService#loadCommonJSModule file:///snap/code/62/usr/share/code/resources/app/extensions/debug-server-ready/dist/extension
[2021-04-20 10:22:37.026] [exthost] [info] ExtensionService#_doActivateExtension bmewburn.vscode-intelephense-client {"startup":false,"extensionId":{"value":"bmewburn.vscode-intelephense-client","_lower":"bmewburn.vscode-intelephense-client"},"activationEvent":"onLanguage:php"}
[2021-04-20 10:22:37.026] [exthost] [info] ExtensionService#loadCommonJSModule file:///root/.vscode/extensions/bmewburn.vscode-intelephense-client-1.6.3/lib/extension
[2021-04-20 10:22:42.500] [exthost] [info] ExtensionService#_doActivateExtension felixfbecker.php-intellisense {"startup":false,"extensionId":{"value":"felixfbecker.php-intellisense","_lower":"felixfbecker.php-intellisense"},"activationEvent":"onLanguage:php"}
[2021-04-20 10:22:42.500] [exthost] [info] ExtensionService#loadCommonJSModule file:///root/.vscode/extensions/felixfbecker.php-intellisense-2.3.14/out/extension
[2021-04-20 10:23:40.193] [exthost] [error] [felixfbecker.php-intellisense] provider FAILED
[2021-04-20 10:23:40.201] [exthost] [error] Error: name must not be falsy
	at Function.validate (/snap/code/62/usr/share/code/resources/app/out/vs/workbench/services/extensions/node/extensionHostProcess.js:75:24469)
	at new t (/snap/code/62/usr/share/code/resources/app/out/vs/workbench/services/extensions/node/extensionHostProcess.js:75:24418)
	at new t (/snap/code/62/usr/share/code/resources/app/out/vs/workbench/services/extensions/node/extensionHostProcess.js:75:11163)
	at asSymbolInformation (/root/.vscode/extensions/felixfbecker.php-intellisense-2.3.14/node_modules/vscode-languageclient/lib/protocolConverter.js:347:22)
	at /root/.vscode/extensions/felixfbecker.php-intellisense-2.3.14/node_modules/vscode-languageclient/lib/protocolConverter.js:336:42
	at Array.map (<anonymous>)
	at Object.asSymbolInformations (/root/.vscode/extensions/felixfbecker.php-intellisense-2.3.14/node_modules/vscode-languageclient/lib/protocolConverter.js:336:23)
	at /root/.vscode/extensions/felixfbecker.php-intellisense-2.3.14/node_modules/vscode-languageclient/lib/client.js:1002:62
[2021-04-20 10:24:02.223] [exthost] [error] [felixfbecker.php-intellisense] provider FAILED
[2021-04-20 10:24:02.224] [exthost] [error] Error: name must not be falsy
	at Function.validate (/snap/code/62/usr/share/code/resources/app/out/vs/workbench/services/extensions/node/extensionHostProcess.js:75:24469)
	at new t (/snap/code/62/usr/share/code/resources/app/out/vs/workbench/services/extensions/node/extensionHostProcess.js:75:24418)
	at new t (/snap/code/62/usr/share/code/resources/app/out/vs/workbench/services/extensions/node/extensionHostProcess.js:75:11163)
	at asSymbolInformation (/root/.vscode/extensions/felixfbecker.php-intellisense-2.3.14/node_modules/vscode-languageclient/lib/protocolConverter.js:347:22)
	at /root/.vscode/extensions/felixfbecker.php-intellisense-2.3.14/node_modules/vscode-languageclient/lib/protocolConverter.js:336:42
	at Array.map (<anonymous>)
	at Object.asSymbolInformations (/root/.vscode/extensions/felixfbecker.php-intellisense-2.3.14/node_modules/vscode-languageclient/lib/protocolConverter.js:336:23)
	at /root/.vscode/extensions/felixfbecker.php-intellisense-2.3.14/node_modules/vscode-languageclient/lib/client.js:1002:62
[2021-04-20 10:24:38.652] [exthost] [error] [bmewburn.vscode-intelephense-client] provider FAILED
[2021-04-20 10:24:38.654] [exthost] [error] Canceled: Canceled
	at w.makeCancelError (/root/.vscode/extensions/bmewburn.vscode-intelephense-client-1.6.3/lib/extension.js:1:128320)
	at w.handleFailedRequest (/root/.vscode/extensions/bmewburn.vscode-intelephense-client-1.6.3/lib/extension.js:1:128171)
	at /root/.vscode/extensions/bmewburn.vscode-intelephense-client-1.6.3/lib/extension.js:1:93044
	at runMicrotasks (<anonymous>)
	at runNextTicks (internal/process/task_queues.js:62:5)
	at processImmediate (internal/timers.js:429:9)
[2021-04-20 10:26:48.712] [exthost] [info] ExtensionService#_doActivateExtension vscode.typescript-language-features {"startup":false,"extensionId":{"value":"vscode.typescript-language-features","_lower":"vscode.typescript-language-features"},"activationEvent":"onLanguage:jsonc"}
[2021-04-20 10:26:48.716] [exthost] [info] ExtensionService#loadCommonJSModule file:///snap/code/62/usr/share/code/resources/app/extensions/typescript-language-features/dist/extension
[2021-04-20 21:43:28.776] [exthost] [error] [bmewburn.vscode-intelephense-client] provider FAILED
[2021-04-20 21:43:28.778] [exthost] [error] Canceled: Canceled
	at w.makeCancelError (/root/.vscode/extensions/bmewburn.vscode-intelephense-client-1.6.3/lib/extension.js:1:128320)
	at w.handleFailedRequest (/root/.vscode/extensions/bmewburn.vscode-intelephense-client-1.6.3/lib/extension.js:1:128171)
	at /root/.vscode/extensions/bmewburn.vscode-intelephense-client-1.6.3/lib/extension.js:1:93044
[2021-04-20 22:25:57.692] [exthost] [info] extension host terminating: received terminate message from renderer
[2021-04-20 22:25:58.709] [exthost] [info] exiting with code 0
