DEBUG     Checking PHPLS_ALLOW_XDEBUG
DEBUG     The xdebug extension is not loaded

[Info  - 2:04:21 AM] 453 files total
[Info  - 2:04:21 AM] Indexing project for definitions and static references
Parsing file:///srv/source/CountryApp/App/Controllers/AuthController.php
Parsing file:///srv/source/CountryApp/App/Controllers/CountriesController.php
Parsing file:///srv/source/CountryApp/App/Libs/Config.php
Parsing file:///srv/source/CountryApp/App/Libs/RESTHelper.php
Parsing file:///srv/source/CountryApp/App/Libs/DatabaseDriver.php
Parsing file:///srv/source/CountryApp/App/Libs/Response.php
Parsing file:///srv/source/CountryApp/App/Libs/Request.php
Parsing file:///srv/source/CountryApp/App/Libs/Router.php
Parsing file:///srv/source/CountryApp/App/Libs/Logger.php
Parsing file:///srv/source/CountryApp/App/Services/Auth.php
Parsing file:///srv/source/CountryApp/App/Services/Countries.php
Parsing file:///srv/source/CountryApp/config.php
Parsing file:///srv/source/CountryApp/vendor/composer/autoload_namespaces.php
Parsing file:///srv/source/CountryApp/vendor/composer/autoload_classmap.php
Parsing file:///srv/source/CountryApp/vendor/composer/platform_check.php
Parsing file:///srv/source/CountryApp/vendor/composer/autoload_static.php
Parsing file:///srv/source/CountryApp/vendor/composer/installed.php
Parsing file:///srv/source/CountryApp/vendor/composer/autoload_psr4.php
Parsing file:///srv/source/CountryApp/vendor/composer/InstalledVersions.php
Parsing file:///srv/source/CountryApp/vendor/composer/autoload_real.php
Parsing file:///srv/source/CountryApp/vendor/composer/ClassLoader.php
Parsing file:///srv/source/CountryApp/vendor/autoload.php
[Info  - 2:04:22 AM] Indexing project for dynamic references
Parsing file:///srv/source/CountryApp/App/Controllers/AuthController.php
Parsing file:///srv/source/CountryApp/App/Controllers/CountriesController.php
Parsing file:///srv/source/CountryApp/App/Libs/Config.php
Parsing file:///srv/source/CountryApp/App/Libs/RESTHelper.php
Parsing file:///srv/source/CountryApp/App/Libs/DatabaseDriver.php
Parsing file:///srv/source/CountryApp/App/Libs/Response.php
Parsing file:///srv/source/CountryApp/App/Libs/Request.php
Parsing file:///srv/source/CountryApp/App/Libs/Router.php
Parsing file:///srv/source/CountryApp/App/Libs/Logger.php
Parsing file:///srv/source/CountryApp/App/Services/Auth.php
Parsing file:///srv/source/CountryApp/App/Services/Countries.php
Parsing file:///srv/source/CountryApp/config.php
Parsing file:///srv/source/CountryApp/vendor/composer/autoload_namespaces.php
Parsing file:///srv/source/CountryApp/vendor/composer/autoload_classmap.php
Parsing file:///srv/source/CountryApp/vendor/composer/platform_check.php
Parsing file:///srv/source/CountryApp/vendor/composer/autoload_static.php
Parsing file:///srv/source/CountryApp/vendor/composer/installed.php
Parsing file:///srv/source/CountryApp/vendor/composer/autoload_psr4.php
Parsing file:///srv/source/CountryApp/vendor/composer/InstalledVersions.php
Parsing file:///srv/source/CountryApp/vendor/composer/autoload_real.php
Parsing file:///srv/source/CountryApp/vendor/composer/ClassLoader.php
Parsing file:///srv/source/CountryApp/vendor/autoload.php
[Info  - 2:04:22 AM] 8 Packages
[Info  - 2:04:22 AM] Restored firebase/php-jwt:5.2.1 from cache
[Info  - 2:04:22 AM] Restored monolog/monolog:2.2.0 from cache
[Info  - 2:04:22 AM] Restored composer/package-versions-deprecated:1.11.99.1 from cache
[Info  - 2:04:22 AM] Restored psr/log:1.1.3 from cache
[Info  - 2:04:22 AM] Restored doctrine/deprecations:0.5.3 from cache
[Info  - 2:04:22 AM] Restored doctrine/cache:1.10.2 from cache
[Info  - 2:04:22 AM] Restored doctrine/dbal:3.1.0 from cache
[Info  - 2:04:22 AM] Restored doctrine/event-manager:1.1.1 from cache
[Info  - 2:04:22 AM] All 453 PHP files parsed in 0 seconds. 180 MiB allocated.
