[2021-04-22 02:04:19.624] [exthost] [info] extension host started
[2021-04-22 02:04:20.161] [exthost] [info] ExtensionService#_doActivateExtension vscode.microsoft-authentication {"startup":false,"extensionId":{"value":"vscode.microsoft-authentication","_lower":"vscode.microsoft-authentication"},"activationEvent":"onAuthenticationRequest:microsoft"}
[2021-04-22 02:04:20.162] [exthost] [info] ExtensionService#loadCommonJSModule file:///snap/code/62/usr/share/code/resources/app/extensions/microsoft-authentication/dist/extension.js
[2021-04-22 02:04:20.174] [exthost] [info] ExtensionService#_doActivateExtension vscode.php-language-features {"startup":false,"extensionId":{"value":"vscode.php-language-features","_lower":"vscode.php-language-features"},"activationEvent":"onLanguage:php"}
[2021-04-22 02:04:20.174] [exthost] [info] ExtensionService#loadCommonJSModule file:///snap/code/62/usr/share/code/resources/app/extensions/php-language-features/dist/phpMain
[2021-04-22 02:04:20.184] [exthost] [info] ExtensionService#_doActivateExtension bmewburn.vscode-intelephense-client {"startup":false,"extensionId":{"value":"bmewburn.vscode-intelephense-client","_lower":"bmewburn.vscode-intelephense-client"},"activationEvent":"onLanguage:php"}
[2021-04-22 02:04:20.184] [exthost] [info] ExtensionService#loadCommonJSModule file:///root/.vscode/extensions/bmewburn.vscode-intelephense-client-1.6.3/lib/extension
[2021-04-22 02:04:20.198] [exthost] [info] ExtensionService#_doActivateExtension felixfbecker.php-intellisense {"startup":false,"extensionId":{"value":"felixfbecker.php-intellisense","_lower":"felixfbecker.php-intellisense"},"activationEvent":"onLanguage:php"}
[2021-04-22 02:04:20.198] [exthost] [info] ExtensionService#loadCommonJSModule file:///root/.vscode/extensions/felixfbecker.php-intellisense-2.3.14/out/extension
[2021-04-22 02:04:20.290] [exthost] [info] ExtensionService#_doActivateExtension vscode.debug-auto-launch {"startup":true,"extensionId":{"value":"vscode.debug-auto-launch","_lower":"vscode.debug-auto-launch"},"activationEvent":"*"}
[2021-04-22 02:04:20.290] [exthost] [info] ExtensionService#loadCommonJSModule file:///snap/code/62/usr/share/code/resources/app/extensions/debug-auto-launch/dist/extension
[2021-04-22 02:04:20.293] [exthost] [info] ExtensionService#_doActivateExtension vscode.git {"startup":true,"extensionId":{"value":"vscode.github","_lower":"vscode.github"},"activationEvent":"*"}
[2021-04-22 02:04:20.293] [exthost] [info] ExtensionService#loadCommonJSModule file:///snap/code/62/usr/share/code/resources/app/extensions/git/dist/main
[2021-04-22 02:04:20.533] [exthost] [info] ExtensionService#_doActivateExtension vscode.github {"startup":true,"extensionId":{"value":"vscode.github","_lower":"vscode.github"},"activationEvent":"*"}
[2021-04-22 02:04:20.534] [exthost] [info] ExtensionService#loadCommonJSModule file:///snap/code/62/usr/share/code/resources/app/extensions/github/dist/extension.js
[2021-04-22 02:04:20.549] [exthost] [info] ExtensionService#_doActivateExtension ms-vscode.js-debug {"startup":false,"extensionId":{"value":"ms-vscode.js-debug","_lower":"ms-vscode.js-debug"},"activationEvent":"onCommand:extension.js-debug.clearAutoAttachVariables"}
[2021-04-22 02:04:20.550] [exthost] [info] ExtensionService#loadCommonJSModule file:///snap/code/62/usr/share/code/resources/app/extensions/ms-vscode.js-debug/src/extension.js
[2021-04-22 02:04:20.677] [exthost] [info] eager extensions activated
[2021-04-22 02:04:20.733] [exthost] [info] ExtensionService#_doActivateExtension vscode.emmet {"startup":false,"extensionId":{"value":"vscode.emmet","_lower":"vscode.emmet"},"activationEvent":"onStartupFinished"}
[2021-04-22 02:04:20.733] [exthost] [info] ExtensionService#loadCommonJSModule file:///snap/code/62/usr/share/code/resources/app/extensions/emmet/dist/node/emmetNodeMain
[2021-04-22 02:04:20.740] [exthost] [info] ExtensionService#_doActivateExtension vscode.merge-conflict {"startup":false,"extensionId":{"value":"vscode.merge-conflict","_lower":"vscode.merge-conflict"},"activationEvent":"onStartupFinished"}
[2021-04-22 02:04:20.740] [exthost] [info] ExtensionService#loadCommonJSModule file:///snap/code/62/usr/share/code/resources/app/extensions/merge-conflict/dist/mergeConflictMain
[2021-04-22 02:04:20.742] [exthost] [info] ExtensionService#_doActivateExtension vscode.testing-editor-contributions {"startup":false,"extensionId":{"value":"vscode.testing-editor-contributions","_lower":"vscode.testing-editor-contributions"},"activationEvent":"onStartupFinished"}
[2021-04-22 02:04:20.742] [exthost] [info] ExtensionService#loadCommonJSModule file:///snap/code/62/usr/share/code/resources/app/extensions/testing-editor-contributions/dist/extension.js
[2021-04-22 02:04:20.826] [exthost] [info] ExtensionService#_doActivateExtension vscode.github-authentication {"startup":false,"extensionId":{"value":"vscode.github-authentication","_lower":"vscode.github-authentication"},"activationEvent":"onAuthenticationRequest:github"}
[2021-04-22 02:04:20.826] [exthost] [info] ExtensionService#loadCommonJSModule file:///snap/code/62/usr/share/code/resources/app/extensions/github-authentication/dist/extension.js
[2021-04-22 02:04:45.949] [exthost] [info] ExtensionService#_doActivateExtension vscode.configuration-editing {"startup":false,"extensionId":{"value":"vscode.configuration-editing","_lower":"vscode.configuration-editing"},"activationEvent":"onLanguage:json"}
[2021-04-22 02:04:45.949] [exthost] [info] ExtensionService#loadCommonJSModule file:///snap/code/62/usr/share/code/resources/app/extensions/configuration-editing/dist/configurationEditingMain
[2021-04-22 02:04:45.957] [exthost] [info] ExtensionService#_doActivateExtension vscode.extension-editing {"startup":false,"extensionId":{"value":"vscode.extension-editing","_lower":"vscode.extension-editing"},"activationEvent":"onLanguage:json"}
[2021-04-22 02:04:45.958] [exthost] [info] ExtensionService#loadCommonJSModule file:///snap/code/62/usr/share/code/resources/app/extensions/extension-editing/dist/extensionEditingMain
[2021-04-22 02:04:45.964] [exthost] [info] ExtensionService#_doActivateExtension vscode.json-language-features {"startup":false,"extensionId":{"value":"vscode.json-language-features","_lower":"vscode.json-language-features"},"activationEvent":"onLanguage:json"}
[2021-04-22 02:04:45.964] [exthost] [info] ExtensionService#loadCommonJSModule file:///snap/code/62/usr/share/code/resources/app/extensions/json-language-features/client/dist/node/jsonClientMain
[2021-04-22 02:04:45.986] [exthost] [info] ExtensionService#_doActivateExtension vscode.npm {"startup":false,"extensionId":{"value":"vscode.npm","_lower":"vscode.npm"},"activationEvent":"onLanguage:json"}
[2021-04-22 02:04:45.986] [exthost] [info] ExtensionService#loadCommonJSModule file:///snap/code/62/usr/share/code/resources/app/extensions/npm/dist/npmMain
[2021-04-22 02:04:57.947] [exthost] [info] ExtensionService#_doActivateExtension vscode.typescript-language-features {"startup":false,"extensionId":{"value":"vscode.typescript-language-features","_lower":"vscode.typescript-language-features"},"activationEvent":"onLanguage:javascript"}
[2021-04-22 02:04:57.947] [exthost] [info] ExtensionService#loadCommonJSModule file:///snap/code/62/usr/share/code/resources/app/extensions/typescript-language-features/dist/extension
[2021-04-22 02:05:13.649] [exthost] [info] ExtensionService#_doActivateExtension vscode.markdown-language-features {"startup":false,"extensionId":{"value":"vscode.markdown-language-features","_lower":"vscode.markdown-language-features"},"activationEvent":"onLanguage:markdown"}
[2021-04-22 02:05:13.649] [exthost] [info] ExtensionService#loadCommonJSModule file:///snap/code/62/usr/share/code/resources/app/extensions/markdown-language-features/dist/extension
[2021-04-22 02:05:39.003] [exthost] [info] ExtensionService#_doActivateExtension octref.vetur {"startup":false,"extensionId":{"value":"octref.vetur","_lower":"octref.vetur"},"activationEvent":"onLanguage:vue"}
[2021-04-22 02:05:39.003] [exthost] [info] ExtensionService#loadCommonJSModule file:///root/.vscode/extensions/octref.vetur-0.33.1/dist/vueMain.js
[2021-04-22 02:07:08.827] [exthost] [info] ExtensionService#_doActivateExtension vscode.debug-server-ready {"startup":false,"extensionId":{"value":"vscode.debug-server-ready","_lower":"vscode.debug-server-ready"},"activationEvent":"onDebugResolve"}
[2021-04-22 02:07:08.827] [exthost] [info] ExtensionService#loadCommonJSModule file:///snap/code/62/usr/share/code/resources/app/extensions/debug-server-ready/dist/extension
[2021-04-22 02:28:18.982] [exthost] [info] ExtensionService#_doActivateExtension vscode.image-preview {"startup":false,"extensionId":{"value":"vscode.image-preview","_lower":"vscode.image-preview"},"activationEvent":"onCustomEditor:imagePreview.previewEditor"}
[2021-04-22 02:28:18.982] [exthost] [info] ExtensionService#loadCommonJSModule file:///snap/code/62/usr/share/code/resources/app/extensions/image-preview/dist/extension
[2021-04-22 02:41:41.013] [exthost] [info] extension host terminating: received terminate message from renderer
[2021-04-22 02:41:42.035] [exthost] [info] exiting with code 0
